<?xml version="1.0" encoding="UTF-8"?>
<!-- Generated by org.testng.reporters.JUnitReportReporter -->
<testsuite hostname="NIKSPC" failures="0" tests="2" name="com.nik.KeywordDrivenFW.tests.LoginTest" time="50.485" errors="0" timestamp="27 Nov 2019 17:08:58 GMT" skipped="0">
  <testcase classname="com.nik.KeywordDrivenFW.tests.LoginTest" name="login" time="31.745"/>
  <testcase classname="com.nik.KeywordDrivenFW.tests.LoginTest" name="forgotacc" time="18.740"/>
</testsuite> <!-- com.nik.KeywordDrivenFW.tests.LoginTest -->
